# JRE version: OpenJDK Runtime Environment Microsoft-13877171 (21.0.11+10) (build 21.0.11+10-LTS)
# Java VM: OpenJDK 64-Bit Server VM Microsoft-13877171 (21.0.11+10-LTS, mixed mode, emulated-client, sharing, tiered, compressed oops, compressed class ptrs, g1 gc, windows-amd64)
GC Precious Log:
 CardTable entry size: 512
 Card Set container configuration: InlinePtr #cards 5 size 8 Array Of Cards #cards 12 size 40 Howl #buckets 4 coarsen threshold 1843 Howl Bitmap #cards 512 size 80 coarsen threshold 460 Card regions per heap region 1 cards per card region 2048
 CPUs: 12 total, 12 available
 Memory: 7583M
 Large Page Support: Disabled
 NUMA Support: Disabled
 Compressed Oops: Enabled (32-bit)
 Heap Region Size: 1M
 Heap Min Capacity: 8M
 Heap Initial Capacity: 120M
 Heap Max Capacity: 1896M
 Pre-touch: Disabled
 Parallel Workers: 10
 Concurrent Workers: 3
 Concurrent Refinement Workers: 10
 Periodic GC: Disabled
Heap:
 garbage-first heap   total 122880K, used 69286K [0x0000000089800000, 0x0000000100000000)
  region size 1024K, 25 young (25600K), 4 survivors (4096K)
 Metaspace       used 8304K, committed 8576K, reserved 1114112K
  class space    used 1051K, committed 1216K, reserved 1048576K
GC Heap History (6 events):
Event: 3.968 GC heap before
{Heap before GC invocations=0 (full 0):
 garbage-first heap   total 122880K, used 24576K [0x0000000089800000, 0x0000000100000000)
  region size 1024K, 23 young (23552K), 0 survivors (0K)
 Metaspace       used 238K, committed 448K, reserved 1114112K
  class space    used 17K, committed 128K, reserved 1048576K
}
Event: 3.981 GC heap after
{Heap after GC invocations=1 (full 0):
 garbage-first heap   total 122880K, used 18082K [0x0000000089800000, 0x0000000100000000)
  region size 1024K, 3 young (3072K), 3 survivors (3072K)
 Metaspace       used 238K, committed 448K, reserved 1114112K
  class space    used 17K, committed 128K, reserved 1048576K
}
Event: 4.193 GC heap before
{Heap before GC invocations=1 (full 0):
 garbage-first heap   total 122880K, used 32418K [0x0000000089800000, 0x0000000100000000)
  region size 1024K, 17 young (17408K), 3 survivors (3072K)
 Metaspace       used 238K, committed 448K, reserved 1114112K
  class space    used 17K, committed 128K, reserved 1048576K
}
Event: 4.203 GC heap after
{Heap after GC invocations=2 (full 0):
 garbage-first heap   total 122880K, used 33280K [0x0000000089800000, 0x0000000100000000)
  region size 1024K, 3 young (3072K), 3 survivors (3072K)
 Metaspace       used 238K, committed 448K, reserved 1114112K
  class space    used 17K, committed 128K, reserved 1048576K
}
Event: 4.862 GC heap before
{Heap before GC invocations=2 (full 0):
 garbage-first heap   total 122880K, used 58880K [0x0000000089800000, 0x0000000100000000)
  region size 1024K, 25 young (25600K), 3 survivors (3072K)
 Metaspace       used 3305K, committed 3456K, reserved 1114112K
  class space    used 383K, committed 448K, reserved 1048576K
}
Event: 4.873 GC heap after
{Heap after GC invocations=3 (full 0):
 garbage-first heap   total 122880K, used 48806K [0x0000000089800000, 0x0000000100000000)
  region size 1024K, 4 young (4096K), 4 survivors (4096K)
 Metaspace       used 3305K, committed 3456K, reserved 1114112K
  class space    used 383K, committed 448K, reserved 1048576K
}

